--- Verification Run: 2026-01-05 13:00:42.889350 ---

Loading data...
Fetching SP1 2324 from https://www.football-data.co.uk/mmz4281/2324/SP1.csv...
Fetching E0 2324 from https://www.football-data.co.uk/mmz4281/2324/E0.csv...
Fetching I1 2324 from https://www.football-data.co.uk/mmz4281/2324/I1.csv...
Fetching SP1 2425 from https://www.football-data.co.uk/mmz4281/2425/SP1.csv...
Fetching E0 2425 from https://www.football-data.co.uk/mmz4281/2425/E0.csv...
Fetching I1 2425 from https://www.football-data.co.uk/mmz4281/2425/I1.csv...
Fetching SP1 2526 from https://www.football-data.co.uk/mmz4281/2526/SP1.csv...
Fetching E0 2526 from https://www.football-data.co.uk/mmz4281/2526/E0.csv...
Fetching I1 2526 from https://www.football-data.co.uk/mmz4281/2526/I1.csv...
Loaded 2807 historical matches
Fetching upcoming...
Fetching fixtures from https://fixturedownload.com/download/la-liga-2025-GMTStandardTime.csv...
Fetching fixtures from https://fixturedownload.com/download/epl-2025-GMTStandardTime.csv...
Fetching fixtures from https://fixturedownload.com/download/serie-a-2025-GMTStandardTime.csv...
Odds missing or incomplete. Enriching via Odds-API.io...
  Fetching API Odds for SP1...
[OddsAPI] Getting odds for SP1...
[OddsAPI] Events Cache: MISS
[OddsAPI] Events URL: https://api.odds-api.io/v3/events?apiKey=e9be0a4fb2370fa9a2b574fccd726c50da0aae8acfd94a4b6c286a92b62345a2&sport=football&league=spain-la-liga
[OddsAPI] Failed events fetch: 404 {"error":"League not found"}
[OddsAPI] No events found.
  Fetching API Odds for E0...
[OddsAPI] Getting odds for E0...
[OddsAPI] Events Cache: MISS
[OddsAPI] Events URL: https://api.odds-api.io/v3/events?apiKey=e9be0a4fb2370fa9a2b574fccd726c50da0aae8acfd94a4b6c286a92b62345a2&sport=football&league=england-premier-league
[OddsAPI] Fetched 53 events.
[OddsAPI] Fetching odds for 53 ID(s)...
[OddsAPI] Batch 0 failed: 400 {"error":"Missing eventId"}
[OddsAPI] Batch 10 failed: 400 {"error":"Missing eventId"}
[OddsAPI] Batch 20 failed: 400 {"error":"Missing eventId"}
[OddsAPI] Batch 30 failed: 400 {"error":"Missing eventId"}
[OddsAPI] Batch 40 failed: 400 {"error":"Missing eventId"}
[OddsAPI] Batch 50 failed: 400 {"error":"Missing eventId"}
[OddsAPI] Total results: 0
  Fetching API Odds for I1...
[OddsAPI] Getting odds for I1...
[OddsAPI] Events Cache: MISS
[OddsAPI] Events URL: https://api.odds-api.io/v3/events?apiKey=e9be0a4fb2370fa9a2b574fccd726c50da0aae8acfd94a4b6c286a92b62345a2&sport=football&league=italy-serie-a
[OddsAPI] Fetched 65 events.
[OddsAPI] Fetching odds for 65 ID(s)...
[OddsAPI] Batch 0 failed: 400 {"error":"Missing eventId"}
[OddsAPI] Batch 10 failed: 400 {"error":"Missing eventId"}
[OddsAPI] Batch 20 failed: 400 {"error":"Missing eventId"}
[OddsAPI] Batch 30 failed: 400 {"error":"Missing eventId"}
[OddsAPI] Batch 40 failed: 400 {"error":"Missing eventId"}
[OddsAPI] Batch 50 failed: 400 {"error":"Missing eventId"}
[OddsAPI] Batch 60 failed: 400 {"error":"Missing eventId"}
[OddsAPI] Total results: 0
Error merging real odds: 'B365H'
Found 45 upcoming matches

--- Inspecting First 5 Matches ---

Getafe CF vs Real Sociedad
  Error: 'Predictor' object has no attribute 'predict_match'

Real Oviedo vs Real Betis
  Error: 'Predictor' object has no attribute 'predict_match'

Villarreal CF vs Deportivo Alavés
  Error: 'Predictor' object has no attribute 'predict_match'

Girona FC vs CA Osasuna
  Error: 'Predictor' object has no attribute 'predict_match'

Valencia CF vs Elche CF
  Error: 'Predictor' object has no attribute 'predict_match'
